[debug] > Exec(early(addDefaultCommands), None, None)
[debug] > Exec(addDefaultCommands, None, None)
[debug] > Exec(early(initialize), None, None)
[debug] > Exec(initialize, None, None)
[debug] > Exec(early(addPluginSbtFile="""C:\Users\NIKHIL~1\AppData\Local\Temp\idea1.sbt"""), None, None)
[debug] > Exec(addPluginSbtFile="""C:\Users\NIKHIL~1\AppData\Local\Temp\idea1.sbt""", None, None)
[debug] > Exec(boot, None, None)
[debug] > Exec(writeSbtVersion, None, None)
[debug] > Exec(reload, None, None)
[debug] > Exec(sbtStashOnFailure, None, None)
[debug] > Exec(onFailure loadFailed, None, None)
[debug] > Exec(loadp, None, None)
[info] welcome to sbt 1.5.5 (OpenLogic-OpenJDK Java 1.8.0-262)
[debug]       Load.loadUnit: plugins took 106.8587ms
[debug]       Load.loadUnit: defsScala took 0.3119ms
[debug] [Loading] Scanning directory C:\Users\Nikhil Panchal\.sbt\1.0\plugins
[debug] [Loading] Found non-root projects 
[debug] [Loading] Done in C:\Users\Nikhil Panchal\.sbt\1.0\plugins, returning: ()
[debug] deducing auto plugins based on known facts Set(Atom(sbt.plugins.CorePlugin)) and clauses Clauses(Clause(Atom(sbt.plugins.JvmPlugin),Set(Atom(sbt.plugins.IvyPlugin)))
[debug] Clause(Atom(sbt.ScriptedPlugin),Set(Atom(sbt.plugins.JvmPlugin)))
[debug] Clause(Atom(sbt.plugins.SbtPlugin),Set(Atom(sbt.ScriptedPlugin)))
[debug] Clause(Atom(sbt.plugins.SemanticdbPlugin),Set(Atom(sbt.plugins.JvmPlugin)))
[debug] Clause(Atom(sbt.plugins.JUnitXmlReportPlugin),Set(Atom(sbt.plugins.JvmPlugin)))
[debug] Clause(Atom(sbt.plugins.MiniDependencyTreePlugin),Set(Atom(sbt.plugins.JvmPlugin)))
[debug] Clause(Atom(sbt.plugins.CorePlugin),Set(Atom(sbt.plugins.IvyPlugin)))
[debug] Clause(Atom(sbt.plugins.IvyPlugin),Set(Atom(sbt.plugins.JvmPlugin)))
[debug] Clause(Atom(sbt.plugins.JvmPlugin),Set(Atom(sbt.plugins.SemanticdbPlugin)))
[debug] Clause(Atom(sbt.plugins.JvmPlugin),Set(Atom(sbt.plugins.JUnitXmlReportPlugin)))
[debug] Clause(Atom(sbt.plugins.CorePlugin),Set(Atom(sbt.plugins.Giter8TemplatePlugin)))
[debug] Clause(Atom(sbt.plugins.JvmPlugin),Set(Atom(sbt.plugins.MiniDependencyTreePlugin))))
[debug]   :: deduced result: Matched(sbt.plugins.CorePlugin,sbt.plugins.Giter8TemplatePlugin,sbt.plugins.IvyPlugin,sbt.plugins.JvmPlugin,sbt.plugins.MiniDependencyTreePlugin,sbt.plugins.JUnitXmlReportPlugin,sbt.plugins.SemanticdbPlugin)
[debug] Plugins.deducer#function took 17.2495 ms
[debug]           Load.resolveProject(global-plugins) took 68.0888ms
[debug]         Load.loadTransitive: finalizeProject(Project(id global-plugins, base: C:\Users\Nikhil Panchal\.sbt\1.0\plugins, plugins: List(<none>))) took 109.4953ms
[debug] [Loading] Done in C:\Users\Nikhil Panchal\.sbt\1.0\plugins, returning: (global-plugins)
[debug]       Load.loadUnit: loadedProjectsRaw took 128.1853ms
[debug]       Load.loadUnit: cleanEvalClasses took 0.7661ms
[debug]     Load.loadUnit(file:/C:/Users/Nikhil%20Panchal/.sbt/1.0/plugins/, ...) took 246.7195ms
[debug]   Load.apply: load took 536.966ms
[debug]   Load.apply: resolveProjects took 10.8919ms
[debug]   Load.apply: finalTransforms took 98.6264ms
[debug]   Load.apply: config.delegates took 18.0487ms
[debug]   Load.apply: Def.make(settings)... took 688.859ms
[debug]   Load.apply: structureIndex took 178.7365ms
[debug]   Load.apply: mkStreams took 2.1886ms
[info] loading global plugins from C:\Users\Nikhil Panchal\.sbt\1.0\plugins
[debug] Running task... Cancel: Signal, check cycles: false, forcegc: true
[debug] Load.defaultLoad until apply took 3703.2314ms
[debug]           Load.loadUnit: plugins took 61.4888ms
[debug]           Load.loadUnit: defsScala took 0.0081ms
[debug] [Loading] Scanning directory C:\Users\Nikhil Panchal\IdeaProjects\untitled\project
[debug]             Load.loadUnit: mkEval took 16.7181ms
[debug] [Loading] Found non-root projects 
[debug] [Loading] Done in C:\Users\Nikhil Panchal\IdeaProjects\untitled\project, returning: ()
[debug] deducing auto plugins based on known facts Set(Atom(sbt.plugins.CorePlugin)) and clauses Clauses(Clause(Atom(sbt.plugins.JvmPlugin),Set(Atom(sbt.plugins.IvyPlugin)))
[debug] Clause(Atom(sbt.ScriptedPlugin),Set(Atom(sbt.plugins.JvmPlugin)))
[debug] Clause(Atom(sbt.plugins.SbtPlugin),Set(Atom(sbt.ScriptedPlugin)))
[debug] Clause(Atom(sbt.plugins.SemanticdbPlugin),Set(Atom(sbt.plugins.JvmPlugin)))
[debug] Clause(Atom(sbt.plugins.JUnitXmlReportPlugin),Set(Atom(sbt.plugins.JvmPlugin)))
[debug] Clause(Atom(sbt.plugins.MiniDependencyTreePlugin),Set(Atom(sbt.plugins.JvmPlugin)))
[debug] Clause(Atom(sbt.plugins.CorePlugin),Set(Atom(sbt.plugins.IvyPlugin)))
[debug] Clause(Atom(sbt.plugins.IvyPlugin),Set(Atom(sbt.plugins.JvmPlugin)))
[debug] Clause(Atom(sbt.plugins.JvmPlugin),Set(Atom(sbt.plugins.SemanticdbPlugin)))
[debug] Clause(Atom(sbt.plugins.JvmPlugin),Set(Atom(sbt.plugins.JUnitXmlReportPlugin)))
[debug] Clause(Atom(sbt.plugins.CorePlugin),Set(Atom(sbt.plugins.Giter8TemplatePlugin)))
[debug] Clause(Atom(sbt.plugins.JvmPlugin),Set(Atom(sbt.plugins.MiniDependencyTreePlugin))))
[debug]   :: deduced result: Matched(sbt.plugins.CorePlugin,sbt.plugins.Giter8TemplatePlugin,sbt.plugins.IvyPlugin,sbt.plugins.JvmPlugin,sbt.plugins.MiniDependencyTreePlugin,sbt.plugins.JUnitXmlReportPlugin,sbt.plugins.SemanticdbPlugin)
[debug] Plugins.deducer#function took 6.7309 ms
[info] loading settings for project untitled-build from idea1.sbt ...
[debug]               Load.resolveProject(untitled-build) took 10.1977ms
[debug]             Load.loadTransitive: finalizeProject(Project(id untitled-build, base: C:\Users\Nikhil Panchal\IdeaProjects\untitled\project, plugins: List(<none>))) took 18.2027ms
[debug] [Loading] Done in C:\Users\Nikhil Panchal\IdeaProjects\untitled\project, returning: (untitled-build)
[debug]           Load.loadUnit: loadedProjectsRaw took 452.0834ms
[debug]           Load.loadUnit: cleanEvalClasses took 10.5054ms
[debug]         Load.loadUnit(file:/C:/Users/Nikhil%20Panchal/IdeaProjects/untitled/project/, ...) took 526.2663ms
[debug]       Load.apply: load took 529.6206ms
[debug]       Load.apply: resolveProjects took 0.2794ms
[debug]       Load.apply: finalTransforms took 19.5158ms
[debug]       Load.apply: config.delegates took 0.9588ms
[debug]       Load.apply: Def.make(settings)... took 201.603ms
[debug]       Load.apply: structureIndex took 52.549ms
[debug]       Load.apply: mkStreams took 0.0037ms
[info] loading project definition from C:\Users\Nikhil Panchal\IdeaProjects\untitled\project
[debug] Running task... Cancel: Signal, check cycles: false, forcegc: true
[debug]     Load.loadUnit: plugins took 1389.6716ms
[debug]     Load.loadUnit: defsScala took 0.006ms
[debug] [Loading] Scanning directory C:\Users\Nikhil Panchal\IdeaProjects\untitled
[debug]       Load.loadUnit: mkEval took 0.478ms
[error] [C:\Users\Nikhil Panchal\IdeaProjects\untitled\build.sbt]:15: ')' expected but string literal found.
[debug] > Exec(loadFailed, None, None)
[warn] Project loading failed: (r)etry, (q)uit, (l)ast, or (i)gnore? (default: r)
